<?xml version="1.0" encoding="UTF-8"?>
<!-- Generated by org.testng.reporters.JUnitReportReporter -->
<testsuite hostname="karthik" failures="0" tests="1" name="com.AppTest" time="0.002" errors="0" timestamp="2024-12-09T19:55:27 IST" skipped="0">
  <testcase classname="com.AppTest" name="testApp" time="0.002"/>
</testsuite> <!-- com.AppTest -->
